<?xml version="1.0" encoding="UTF-8"?>
<testng-results skipped="0" failed="1" ignored="0" total="10" passed="9">
  <reporter-output>
  </reporter-output>
  <suite name="BLAZEDEMO TEST AUTOMATION" duration-ms="-155" started-at="2020-09-07T17:32:01Z" finished-at="2020-09-07T17:32:01Z">
    <groups>
    </groups>
    <test name="BALZEDEMO TEST CASES" duration-ms="-3501786" started-at="2020-09-07T18:30:23Z" finished-at="2020-09-07T17:32:01Z">
      <class name="com.balzedemo.qa.test.WelcomePageTest">
        <test-method status="PASS" signature="SetUp()[pri:0, instance:com.balzedemo.qa.test.WelcomePageTest@5b275dab]" name="SetUp" is-config="true" duration-ms="7489" started-at="2020-09-07T18:30:23Z" finished-at="2020-09-07T18:30:30Z">
          <reporter-output>
          </reporter-output>
        </test-method> <!-- SetUp -->
        <test-method status="PASS" signature="SelectCities()[pri:0, instance:com.balzedemo.qa.test.WelcomePageTest@5b275dab]" name="SelectCities" duration-ms="947" started-at="2020-09-07T18:30:30Z" finished-at="2020-09-07T18:30:31Z">
          <reporter-output>
          </reporter-output>
        </test-method> <!-- SelectCities -->
        <test-method status="PASS" signature="QuitBrowser()[pri:0, instance:com.balzedemo.qa.test.WelcomePageTest@5b275dab]" name="QuitBrowser" is-config="true" duration-ms="622" started-at="2020-09-07T18:30:31Z" finished-at="2020-09-07T18:30:32Z">
          <reporter-output>
          </reporter-output>
        </test-method> <!-- QuitBrowser -->
        <test-method status="PASS" signature="SetUp()[pri:0, instance:com.balzedemo.qa.test.WelcomePageTest@5b275dab]" name="SetUp" is-config="true" duration-ms="8097" started-at="2020-09-07T18:30:32Z" finished-at="2020-09-07T18:30:40Z">
          <reporter-output>
          </reporter-output>
        </test-method> <!-- SetUp -->
        <test-method status="PASS" signature="TitleTest()[pri:0, instance:com.balzedemo.qa.test.WelcomePageTest@5b275dab]" name="TitleTest" duration-ms="24" started-at="2020-09-07T18:30:40Z" finished-at="2020-09-07T18:30:40Z">
          <reporter-output>
          </reporter-output>
        </test-method> <!-- TitleTest -->
        <test-method status="PASS" signature="QuitBrowser()[pri:0, instance:com.balzedemo.qa.test.WelcomePageTest@5b275dab]" name="QuitBrowser" is-config="true" duration-ms="607" started-at="2020-09-07T18:30:40Z" finished-at="2020-09-07T18:30:40Z">
          <reporter-output>
          </reporter-output>
        </test-method> <!-- QuitBrowser -->
      </class> <!-- com.balzedemo.qa.test.WelcomePageTest -->
      <class name="com.balzedemo.qa.test.PurchasePageTest">
        <test-method status="PASS" signature="setup()[pri:0, instance:com.balzedemo.qa.test.PurchasePageTest@29774679]" name="setup" is-config="true" duration-ms="8293" started-at="2020-09-07T18:31:08Z" finished-at="2020-09-07T18:31:16Z">
          <reporter-output>
          </reporter-output>
        </test-method> <!-- setup -->
        <test-method status="PASS" signature="TitleTest()[pri:0, instance:com.balzedemo.qa.test.PurchasePageTest@29774679]" name="TitleTest" duration-ms="23" started-at="2020-09-07T18:31:16Z" finished-at="2020-09-07T18:31:16Z">
          <reporter-output>
          </reporter-output>
        </test-method> <!-- TitleTest -->
        <test-method status="PASS" signature="QuitBrowser()[pri:0, instance:com.balzedemo.qa.test.PurchasePageTest@29774679]" name="QuitBrowser" is-config="true" duration-ms="600" started-at="2020-09-07T18:31:16Z" finished-at="2020-09-07T18:31:17Z">
          <reporter-output>
          </reporter-output>
        </test-method> <!-- QuitBrowser -->
        <test-method status="PASS" signature="setup()[pri:0, instance:com.balzedemo.qa.test.PurchasePageTest@29774679]" name="setup" is-config="true" duration-ms="10877" started-at="2020-09-07T18:31:17Z" finished-at="2020-09-07T18:31:27Z">
          <reporter-output>
          </reporter-output>
        </test-method> <!-- setup -->
        <test-method status="PASS" signature="purchaseFlight()[pri:0, instance:com.balzedemo.qa.test.PurchasePageTest@29774679]" name="purchaseFlight" duration-ms="1478" started-at="2020-09-07T18:31:27Z" finished-at="2020-09-07T18:31:29Z">
          <reporter-output>
          </reporter-output>
        </test-method> <!-- purchaseFlight -->
        <test-method status="PASS" signature="QuitBrowser()[pri:0, instance:com.balzedemo.qa.test.PurchasePageTest@29774679]" name="QuitBrowser" is-config="true" duration-ms="618" started-at="2020-09-07T18:31:29Z" finished-at="2020-09-07T18:31:29Z">
          <reporter-output>
          </reporter-output>
        </test-method> <!-- QuitBrowser -->
      </class> <!-- com.balzedemo.qa.test.PurchasePageTest -->
      <class name="com.balzedemo.qa.test.ReservePageTest">
        <test-method status="PASS" signature="setup()[pri:0, instance:com.balzedemo.qa.test.ReservePageTest@61832929]" name="setup" is-config="true" duration-ms="8774" started-at="2020-09-07T18:30:40Z" finished-at="2020-09-07T18:30:49Z">
          <reporter-output>
          </reporter-output>
        </test-method> <!-- setup -->
        <test-method status="PASS" signature="reserveFlight()[pri:0, instance:com.balzedemo.qa.test.ReservePageTest@61832929]" name="reserveFlight" duration-ms="671" started-at="2020-09-07T18:30:49Z" finished-at="2020-09-07T18:30:50Z">
          <reporter-output>
          </reporter-output>
        </test-method> <!-- reserveFlight -->
        <test-method status="PASS" signature="QuitBrowser()[pri:0, instance:com.balzedemo.qa.test.ReservePageTest@61832929]" name="QuitBrowser" is-config="true" duration-ms="608" started-at="2020-09-07T18:30:50Z" finished-at="2020-09-07T18:30:51Z">
          <reporter-output>
          </reporter-output>
        </test-method> <!-- QuitBrowser -->
        <test-method status="PASS" signature="setup()[pri:0, instance:com.balzedemo.qa.test.ReservePageTest@61832929]" name="setup" is-config="true" duration-ms="7432" started-at="2020-09-07T18:30:51Z" finished-at="2020-09-07T18:30:58Z">
          <reporter-output>
          </reporter-output>
        </test-method> <!-- setup -->
        <test-method status="PASS" signature="verifyArrivesCity()[pri:0, instance:com.balzedemo.qa.test.ReservePageTest@61832929]" name="verifyArrivesCity" duration-ms="64" started-at="2020-09-07T18:30:58Z" finished-at="2020-09-07T18:30:58Z">
          <reporter-output>
          </reporter-output>
        </test-method> <!-- verifyArrivesCity -->
        <test-method status="PASS" signature="QuitBrowser()[pri:0, instance:com.balzedemo.qa.test.ReservePageTest@61832929]" name="QuitBrowser" is-config="true" duration-ms="675" started-at="2020-09-07T18:30:58Z" finished-at="2020-09-07T18:30:59Z">
          <reporter-output>
          </reporter-output>
        </test-method> <!-- QuitBrowser -->
        <test-method status="PASS" signature="setup()[pri:0, instance:com.balzedemo.qa.test.ReservePageTest@61832929]" name="setup" is-config="true" duration-ms="8210" started-at="2020-09-07T18:30:59Z" finished-at="2020-09-07T18:31:07Z">
          <reporter-output>
          </reporter-output>
        </test-method> <!-- setup -->
        <test-method status="PASS" signature="verifyDepartCity()[pri:0, instance:com.balzedemo.qa.test.ReservePageTest@61832929]" name="verifyDepartCity" duration-ms="61" started-at="2020-09-07T18:31:07Z" finished-at="2020-09-07T18:31:07Z">
          <reporter-output>
          </reporter-output>
        </test-method> <!-- verifyDepartCity -->
        <test-method status="PASS" signature="QuitBrowser()[pri:0, instance:com.balzedemo.qa.test.ReservePageTest@61832929]" name="QuitBrowser" is-config="true" duration-ms="601" started-at="2020-09-07T18:31:07Z" finished-at="2020-09-07T18:31:08Z">
          <reporter-output>
          </reporter-output>
        </test-method> <!-- QuitBrowser -->
      </class> <!-- com.balzedemo.qa.test.ReservePageTest -->
      <class name="com.balzedemo.qa.test.ConfirmationPageTest">
        <test-method status="FAIL" signature="verifyFinalAmountcollected()[pri:0, instance:com.balzedemo.qa.test.ConfirmationPageTest@3ffc5af1]" name="verifyFinalAmountcollected" duration-ms="225" started-at="2020-09-07T17:32:00Z" finished-at="2020-09-07T17:32:00Z">
          <exception class="java.lang.AssertionError">
            <message>
              <![CDATA[expected [true] but found [false]]]>
            </message>
            <full-stacktrace>
              <![CDATA[java.lang.AssertionError: expected [true] but found [false]
at org.testng.Assert.fail(Assert.java:96)
at org.testng.Assert.failNotEquals(Assert.java:776)
at org.testng.Assert.assertTrue(Assert.java:44)
at org.testng.Assert.assertTrue(Assert.java:54)
at com.balzedemo.qa.test.ConfirmationPageTest.verifyFinalAmountcollected(ConfirmationPageTest.java:56)
at sun.reflect.NativeMethodAccessorImpl.invoke0(Native Method)
at sun.reflect.NativeMethodAccessorImpl.invoke(Unknown Source)
at sun.reflect.DelegatingMethodAccessorImpl.invoke(Unknown Source)
at java.lang.reflect.Method.invoke(Unknown Source)
at org.testng.internal.MethodInvocationHelper.invokeMethod(MethodInvocationHelper.java:124)
at org.testng.internal.Invoker.invokeMethod(Invoker.java:583)
at org.testng.internal.Invoker.invokeTestMethod(Invoker.java:719)
at org.testng.internal.Invoker.invokeTestMethods(Invoker.java:989)
at org.testng.internal.TestMethodWorker.invokeTestMethods(TestMethodWorker.java:125)
at org.testng.internal.TestMethodWorker.run(TestMethodWorker.java:109)
at org.testng.TestRunner.privateRun(TestRunner.java:648)
at org.testng.TestRunner.run(TestRunner.java:505)
at org.testng.SuiteRunner.runTest(SuiteRunner.java:455)
at org.testng.SuiteRunner.runSequentially(SuiteRunner.java:450)
at org.testng.SuiteRunner.privateRun(SuiteRunner.java:415)
at org.testng.SuiteRunner.run(SuiteRunner.java:364)
at org.testng.SuiteRunnerWorker.runSuite(SuiteRunnerWorker.java:52)
at org.testng.SuiteRunnerWorker.run(SuiteRunnerWorker.java:84)
at org.testng.TestNG.runSuitesSequentially(TestNG.java:1208)
at org.testng.TestNG.runSuitesLocally(TestNG.java:1137)
at org.testng.TestNG.runSuites(TestNG.java:1049)
at org.testng.TestNG.run(TestNG.java:1017)
at org.testng.remote.AbstractRemoteTestNG.run(AbstractRemoteTestNG.java:132)
at org.testng.remote.RemoteTestNG.initAndRun(RemoteTestNG.java:236)
at org.testng.remote.RemoteTestNG.main(RemoteTestNG.java:81)
]]>
            </full-stacktrace>
          </exception> <!-- java.lang.AssertionError -->
          <reporter-output>
          </reporter-output>
        </test-method> <!-- verifyFinalAmountcollected -->
        <test-method status="PASS" signature="QuitBrowser()[pri:0, instance:com.balzedemo.qa.test.ConfirmationPageTest@3ffc5af1]" name="QuitBrowser" is-config="true" duration-ms="630" started-at="2020-09-07T17:32:00Z" finished-at="2020-09-07T17:32:01Z">
          <reporter-output>
          </reporter-output>
        </test-method> <!-- QuitBrowser -->
        <test-method status="PASS" signature="setup()[pri:0, instance:com.balzedemo.qa.test.ConfirmationPageTest@3ffc5af1]" name="setup" is-config="true" duration-ms="10472" started-at="2020-09-07T18:31:29Z" finished-at="2020-09-07T18:31:40Z">
          <reporter-output>
          </reporter-output>
        </test-method> <!-- setup -->
        <test-method status="PASS" signature="TitleTest()[pri:0, instance:com.balzedemo.qa.test.ConfirmationPageTest@3ffc5af1]" name="TitleTest" duration-ms="15" started-at="2020-09-07T18:31:40Z" finished-at="2020-09-07T18:31:40Z">
          <reporter-output>
          </reporter-output>
        </test-method> <!-- TitleTest -->
        <test-method status="PASS" signature="QuitBrowser()[pri:0, instance:com.balzedemo.qa.test.ConfirmationPageTest@3ffc5af1]" name="QuitBrowser" is-config="true" duration-ms="639" started-at="2020-09-07T18:31:40Z" finished-at="2020-09-07T18:31:41Z">
          <reporter-output>
          </reporter-output>
        </test-method> <!-- QuitBrowser -->
        <test-method status="PASS" signature="setup()[pri:0, instance:com.balzedemo.qa.test.ConfirmationPageTest@3ffc5af1]" name="setup" is-config="true" duration-ms="9132" started-at="2020-09-07T18:31:41Z" finished-at="2020-09-07T18:31:50Z">
          <reporter-output>
          </reporter-output>
        </test-method> <!-- setup -->
        <test-method status="PASS" signature="getConfirmationId()[pri:0, instance:com.balzedemo.qa.test.ConfirmationPageTest@3ffc5af1]" name="getConfirmationId" duration-ms="63" started-at="2020-09-07T18:31:50Z" finished-at="2020-09-07T18:31:50Z">
          <reporter-output>
          </reporter-output>
        </test-method> <!-- getConfirmationId -->
        <test-method status="PASS" signature="QuitBrowser()[pri:0, instance:com.balzedemo.qa.test.ConfirmationPageTest@3ffc5af1]" name="QuitBrowser" is-config="true" duration-ms="856" started-at="2020-09-07T18:31:50Z" finished-at="2020-09-07T18:31:51Z">
          <reporter-output>
          </reporter-output>
        </test-method> <!-- QuitBrowser -->
        <test-method status="PASS" signature="setup()[pri:0, instance:com.balzedemo.qa.test.ConfirmationPageTest@3ffc5af1]" name="setup" is-config="true" duration-ms="-3590677" started-at="2020-09-07T18:31:51Z" finished-at="2020-09-07T17:32:00Z">
          <reporter-output>
          </reporter-output>
        </test-method> <!-- setup -->
      </class> <!-- com.balzedemo.qa.test.ConfirmationPageTest -->
    </test> <!-- BALZEDEMO TEST CASES -->
  </suite> <!-- BLAZEDEMO TEST AUTOMATION -->
</testng-results>
