<?xml version="1.0" encoding="UTF-8"?>
<!-- Generated by org.testng.reporters.JUnitXMLReporter -->
<testsuite hostname="USER-PC" ignored="0" name="BALZEDEMO TEST CASES" tests="10" failures="1" timestamp="07 Sep 2020 17:32:01 GMT" time="-3501.786" errors="0">
  <testcase name="SelectCities" time="0.947" classname="com.balzedemo.qa.test.WelcomePageTest"/>
  <testcase name="TitleTest" time="0.024" classname="com.balzedemo.qa.test.WelcomePageTest"/>
  <testcase name="reserveFlight" time="0.671" classname="com.balzedemo.qa.test.ReservePageTest"/>
  <testcase name="verifyArrivesCity" time="0.064" classname="com.balzedemo.qa.test.ReservePageTest"/>
  <testcase name="verifyDepartCity" time="0.061" classname="com.balzedemo.qa.test.ReservePageTest"/>
  <testcase name="TitleTest" time="0.023" classname="com.balzedemo.qa.test.PurchasePageTest"/>
  <testcase name="purchaseFlight" time="1.478" classname="com.balzedemo.qa.test.PurchasePageTest"/>
  <testcase name="TitleTest" time="0.015" classname="com.balzedemo.qa.test.ConfirmationPageTest"/>
  <testcase name="getConfirmationId" time="0.063" classname="com.balzedemo.qa.test.ConfirmationPageTest"/>
  <testcase name="verifyFinalAmountcollected" time="0.225" classname="com.balzedemo.qa.test.ConfirmationPageTest">
    <failure type="java.lang.AssertionError" message="expected [true] but found [false]">
      <![CDATA[java.lang.AssertionError: expected [true] but found [false]
at com.balzedemo.qa.test.ConfirmationPageTest.verifyFinalAmountcollected(ConfirmationPageTest.java:56)
... Removed 29 stack frames]]>
    </failure>
  </testcase> <!-- verifyFinalAmountcollected -->
</testsuite> <!-- BALZEDEMO TEST CASES -->
